<?xml version="1.0" encoding="UTF-8"?>
<!-- Generated by org.testng.reporters.JUnitReportReporter -->
<testsuite hostname="DESKTOP-J02MB2U" failures="0" tests="1" name="testCases.TC002_LoginTest" time="3.224" errors="0" timestamp="2025-04-09T13:14:45 ICT" skipped="0">
  <testcase classname="testCases.TC002_LoginTest" name="verify_login" time="3.224"/>
</testsuite> <!-- testCases.TC002_LoginTest -->
