<?xml version="1.0" encoding="UTF-8"?>
<!-- Generated by org.testng.reporters.JUnitReportReporter -->
<testsuite hostname="DESKTOP-J02MB2U" failures="0" tests="1" name="testCases.TC001_AccountRegistrationTest" time="1.772" errors="0" timestamp="2025-04-09T13:14:45 ICT" skipped="0">
  <testcase classname="testCases.TC001_AccountRegistrationTest" name="verify_account_registration" time="1.772"/>
</testsuite> <!-- testCases.TC001_AccountRegistrationTest -->
